Data set: gisette
Algorithm: pr
Loading gisette data set...
Creating perceptron hyper classifier...
Running trial 0...
Creating trial data...
Applying classifier to trial...

No cached result "runs/gisette/0/pr/penalty(none)-alpha(1.000000e-09).pickle", building and running classifier...
run: penalty(none)-alpha(1.000000e-09)
parameters: {'penalty': None, 'alpha': 1.0000000000000001e-09}
ml ce: 0.044
ml rmse: 0.419523539268
sk acc: 0.956
sk f1: 0.958055290753
sk prec: 0.929694727105
sk recl: 0.988200589971
label: 1
ml auc: 0.955443123063
sk auc: 0.955443123063
label: -1
ml auc: 0.955443123063
sk auc: 0.955443123063
Saving result "runs/gisette/0/pr/penalty(none)-alpha(1.000000e-09).pickle"...

No cached result "runs/gisette/0/pr/penalty(none)-alpha(6.309573e-07).pickle", building and running classifier...
run: penalty(none)-alpha(6.309573e-07)
parameters: {'penalty': None, 'alpha': 6.3095734448019296e-07}
ml ce: 0.044
ml rmse: 0.419523539268
sk acc: 0.956
sk f1: 0.958055290753
sk prec: 0.929694727105
sk recl: 0.988200589971
label: 1
ml auc: 0.955443123063
sk auc: 0.955443123063
label: -1
ml auc: 0.955443123063
sk auc: 0.955443123063
Saving result "runs/gisette/0/pr/penalty(none)-alpha(6.309573e-07).pickle"...

No cached result "runs/gisette/0/pr/penalty(none)-alpha(3.981072e-04).pickle", building and running classifier...
run: penalty(none)-alpha(3.981072e-04)
parameters: {'penalty': None, 'alpha': 0.00039810717055349692}
ml ce: 0.044
ml rmse: 0.419523539268
sk acc: 0.956
sk f1: 0.958055290753
sk prec: 0.929694727105
sk recl: 0.988200589971
label: 1
ml auc: 0.955443123063
sk auc: 0.955443123063
label: -1
ml auc: 0.955443123063
sk auc: 0.955443123063
Saving result "runs/gisette/0/pr/penalty(none)-alpha(3.981072e-04).pickle"...

No cached result "runs/gisette/0/pr/penalty(none)-alpha(2.511886e-01).pickle", building and running classifier...
run: penalty(none)-alpha(2.511886e-01)
parameters: {'penalty': None, 'alpha': 0.25118864315095718}
ml ce: 0.044
ml rmse: 0.419523539268
sk acc: 0.956
sk f1: 0.958055290753
sk prec: 0.929694727105
sk recl: 0.988200589971
label: 1
ml auc: 0.955443123063
sk auc: 0.955443123063
label: -1
ml auc: 0.955443123063
sk auc: 0.955443123063
Saving result "runs/gisette/0/pr/penalty(none)-alpha(2.511886e-01).pickle"...

No cached result "runs/gisette/0/pr/penalty(none)-alpha(1.584893e+02).pickle", building and running classifier...
run: penalty(none)-alpha(1.584893e+02)
parameters: {'penalty': None, 'alpha': 158.48931924611108}
ml ce: 0.044
ml rmse: 0.419523539268
sk acc: 0.956
sk f1: 0.958055290753
sk prec: 0.929694727105
sk recl: 0.988200589971
label: 1
ml auc: 0.955443123063
sk auc: 0.955443123063
label: -1
ml auc: 0.955443123063
sk auc: 0.955443123063
Saving result "runs/gisette/0/pr/penalty(none)-alpha(1.584893e+02).pickle"...

No cached result "runs/gisette/0/pr/penalty(none)-alpha(1.000000e+05).pickle", building and running classifier...
run: penalty(none)-alpha(1.000000e+05)
parameters: {'penalty': None, 'alpha': 100000.0}
ml ce: 0.044
ml rmse: 0.419523539268
sk acc: 0.956
sk f1: 0.958055290753
sk prec: 0.929694727105
sk recl: 0.988200589971
label: 1
ml auc: 0.955443123063
sk auc: 0.955443123063
label: -1
ml auc: 0.955443123063
sk auc: 0.955443123063
Saving result "runs/gisette/0/pr/penalty(none)-alpha(1.000000e+05).pickle"...

No cached result "runs/gisette/0/pr/penalty(l1)-alpha(1.000000e-09).pickle", building and running classifier...
run: penalty(l1)-alpha(1.000000e-09)
parameters: {'penalty': 'l1', 'alpha': 1.0000000000000001e-09}
ml ce: 0.044
ml rmse: 0.419523539268
sk acc: 0.956
sk f1: 0.958055290753
sk prec: 0.929694727105
sk recl: 0.988200589971
label: 1
ml auc: 0.955443123063
sk auc: 0.955443123063
label: -1
ml auc: 0.955443123063
sk auc: 0.955443123063
Saving result "runs/gisette/0/pr/penalty(l1)-alpha(1.000000e-09).pickle"...

No cached result "runs/gisette/0/pr/penalty(l1)-alpha(6.309573e-07).pickle", building and running classifier...
run: penalty(l1)-alpha(6.309573e-07)
parameters: {'penalty': 'l1', 'alpha': 6.3095734448019296e-07}
ml ce: 0.044
ml rmse: 0.419523539268
sk acc: 0.956
sk f1: 0.958055290753
sk prec: 0.929694727105
sk recl: 0.988200589971
label: 1
ml auc: 0.955443123063
sk auc: 0.955443123063
label: -1
ml auc: 0.955443123063
sk auc: 0.955443123063
Saving result "runs/gisette/0/pr/penalty(l1)-alpha(6.309573e-07).pickle"...

No cached result "runs/gisette/0/pr/penalty(l1)-alpha(3.981072e-04).pickle", building and running classifier...
run: penalty(l1)-alpha(3.981072e-04)
parameters: {'penalty': 'l1', 'alpha': 0.00039810717055349692}
ml ce: 0.044
ml rmse: 0.419523539268
sk acc: 0.956
sk f1: 0.958055290753
sk prec: 0.929694727105
sk recl: 0.988200589971
label: 1
ml auc: 0.955443123063
sk auc: 0.955443123063
label: -1
ml auc: 0.955443123063
sk auc: 0.955443123063
Saving result "runs/gisette/0/pr/penalty(l1)-alpha(3.981072e-04).pickle"...

No cached result "runs/gisette/0/pr/penalty(l1)-alpha(2.511886e-01).pickle", building and running classifier...
run: penalty(l1)-alpha(2.511886e-01)
parameters: {'penalty': 'l1', 'alpha': 0.25118864315095718}
ml ce: 0.058
ml rmse: 0.481663783152
sk acc: 0.942
sk f1: 0.940020682523
sk prec: 0.991275899673
sk recl: 0.893805309735
label: 1
ml auc: 0.942833478875
sk auc: 0.942833478875
label: -1
ml auc: 0.942833478875
sk auc: 0.942833478875
Saving result "runs/gisette/0/pr/penalty(l1)-alpha(2.511886e-01).pickle"...

No cached result "runs/gisette/0/pr/penalty(l1)-alpha(1.584893e+02).pickle", building and running classifier...
run: penalty(l1)-alpha(1.584893e+02)
parameters: {'penalty': 'l1', 'alpha': 158.48931924611108}
ml ce: 0.5085
ml rmse: 1.42618371888
sk acc: 0.4915
sk f1: 0.0
sk prec: 0.0
sk recl: 0.0
label: 1
ml auc: 0.5
sk auc: 0.5
label: -1
ml auc: 0.5
sk auc: 0.5
Saving result "runs/gisette/0/pr/penalty(l1)-alpha(1.584893e+02).pickle"...

No cached result "runs/gisette/0/pr/penalty(l1)-alpha(1.000000e+05).pickle", building and running classifier...
run: penalty(l1)-alpha(1.000000e+05)
parameters: {'penalty': 'l1', 'alpha': 100000.0}
ml ce: 0.5085
ml rmse: 1.42618371888
sk acc: 0.4915
sk f1: 0.0
sk prec: 0.0
sk recl: 0.0
label: 1
ml auc: 0.5
sk auc: 0.5
label: -1
ml auc: 0.5
sk auc: 0.5
Saving result "runs/gisette/0/pr/penalty(l1)-alpha(1.000000e+05).pickle"...

No cached result "runs/gisette/0/pr/penalty(l2)-alpha(1.000000e-09).pickle", building and running classifier...
run: penalty(l2)-alpha(1.000000e-09)
parameters: {'penalty': 'l2', 'alpha': 1.0000000000000001e-09}
ml ce: 0.044
ml rmse: 0.419523539268
sk acc: 0.956
sk f1: 0.958055290753
sk prec: 0.929694727105
sk recl: 0.988200589971
label: 1
ml auc: 0.955443123063
sk auc: 0.955443123063
label: -1
ml auc: 0.955443123063
sk auc: 0.955443123063
Saving result "runs/gisette/0/pr/penalty(l2)-alpha(1.000000e-09).pickle"...

No cached result "runs/gisette/0/pr/penalty(l2)-alpha(6.309573e-07).pickle", building and running classifier...
run: penalty(l2)-alpha(6.309573e-07)
parameters: {'penalty': 'l2', 'alpha': 6.3095734448019296e-07}
ml ce: 0.0315
ml rmse: 0.354964786986
sk acc: 0.9685
sk f1: 0.968672302337
sk prec: 0.979879275654
sk recl: 0.957718780728
label: 1
ml auc: 0.968686450384
sk auc: 0.968686450384
label: -1
ml auc: 0.968686450384
sk auc: 0.968686450384
Saving result "runs/gisette/0/pr/penalty(l2)-alpha(6.309573e-07).pickle"...

No cached result "runs/gisette/0/pr/penalty(l2)-alpha(3.981072e-04).pickle", building and running classifier...
run: penalty(l2)-alpha(3.981072e-04)
parameters: {'penalty': 'l2', 'alpha': 0.00039810717055349692}
ml ce: 0.077
ml rmse: 0.55497747702
sk acc: 0.923
sk f1: 0.921668362157
sk prec: 0.95468914647
sk recl: 0.890855457227
label: 1
ml auc: 0.923555907657
sk auc: 0.923555907657
label: -1
ml auc: 0.923555907657
sk auc: 0.923555907657
Saving result "runs/gisette/0/pr/penalty(l2)-alpha(3.981072e-04).pickle"...

No cached result "runs/gisette/0/pr/penalty(l2)-alpha(2.511886e-01).pickle", building and running classifier...
run: penalty(l2)-alpha(2.511886e-01)
parameters: {'penalty': 'l2', 'alpha': 0.25118864315095718}
ml ce: 0.4915
ml rmse: 1.40214121971
sk acc: 0.5085
sk f1: 0.674179648658
sk prec: 0.5085
sk recl: 1.0
label: 1
ml auc: 0.5
sk auc: 0.5
label: -1
ml auc: 0.5
sk auc: 0.5
Saving result "runs/gisette/0/pr/penalty(l2)-alpha(2.511886e-01).pickle"...

No cached result "runs/gisette/0/pr/penalty(l2)-alpha(1.584893e+02).pickle", building and running classifier...
floating-point under-/overflow occured.
run: penalty(l2)-alpha(1.584893e+02)
parameters: {'penalty': 'l2', 'alpha': 158.48931924611108}
Saving result "runs/gisette/0/pr/penalty(l2)-alpha(1.584893e+02).pickle"...

No cached result "runs/gisette/0/pr/penalty(l2)-alpha(1.000000e+05).pickle", building and running classifier...
floating-point under-/overflow occured.
run: penalty(l2)-alpha(1.000000e+05)
parameters: {'penalty': 'l2', 'alpha': 100000.0}
Saving result "runs/gisette/0/pr/penalty(l2)-alpha(1.000000e+05).pickle"...

No cached result "runs/gisette/0/pr/penalty(elasticnet)-alpha(1.000000e-09).pickle", building and running classifier...
run: penalty(elasticnet)-alpha(1.000000e-09)
parameters: {'penalty': 'elasticnet', 'alpha': 1.0000000000000001e-09}
ml ce: 0.044
ml rmse: 0.419523539268
sk acc: 0.956
sk f1: 0.958055290753
sk prec: 0.929694727105
sk recl: 0.988200589971
label: 1
ml auc: 0.955443123063
sk auc: 0.955443123063
label: -1
ml auc: 0.955443123063
sk auc: 0.955443123063
Saving result "runs/gisette/0/pr/penalty(elasticnet)-alpha(1.000000e-09).pickle"...

No cached result "runs/gisette/0/pr/penalty(elasticnet)-alpha(6.309573e-07).pickle", building and running classifier...
run: penalty(elasticnet)-alpha(6.309573e-07)
parameters: {'penalty': 'elasticnet', 'alpha': 6.3095734448019296e-07}
ml ce: 0.044
ml rmse: 0.419523539268
sk acc: 0.956
sk f1: 0.958055290753
sk prec: 0.929694727105
sk recl: 0.988200589971
label: 1
ml auc: 0.955443123063
sk auc: 0.955443123063
label: -1
ml auc: 0.955443123063
sk auc: 0.955443123063
Saving result "runs/gisette/0/pr/penalty(elasticnet)-alpha(6.309573e-07).pickle"...

No cached result "runs/gisette/0/pr/penalty(elasticnet)-alpha(3.981072e-04).pickle", building and running classifier...
run: penalty(elasticnet)-alpha(3.981072e-04)
parameters: {'penalty': 'elasticnet', 'alpha': 0.00039810717055349692}
ml ce: 0.044
ml rmse: 0.419523539268
sk acc: 0.956
sk f1: 0.958055290753
sk prec: 0.929694727105
sk recl: 0.988200589971
label: 1
ml auc: 0.955443123063
sk auc: 0.955443123063
label: -1
ml auc: 0.955443123063
sk auc: 0.955443123063
Saving result "runs/gisette/0/pr/penalty(elasticnet)-alpha(3.981072e-04).pickle"...

No cached result "runs/gisette/0/pr/penalty(elasticnet)-alpha(2.511886e-01).pickle", building and running classifier...
run: penalty(elasticnet)-alpha(2.511886e-01)
parameters: {'penalty': 'elasticnet', 'alpha': 0.25118864315095718}
ml ce: 0.058
ml rmse: 0.481663783152
sk acc: 0.942
sk f1: 0.940020682523
sk prec: 0.991275899673
sk recl: 0.893805309735
label: 1
ml auc: 0.942833478875
sk auc: 0.942833478875
label: -1
ml auc: 0.942833478875
sk auc: 0.942833478875
Saving result "runs/gisette/0/pr/penalty(elasticnet)-alpha(2.511886e-01).pickle"...

No cached result "runs/gisette/0/pr/penalty(elasticnet)-alpha(1.584893e+02).pickle", building and running classifier...
run: penalty(elasticnet)-alpha(1.584893e+02)
parameters: {'penalty': 'elasticnet', 'alpha': 158.48931924611108}
ml ce: 0.5085
ml rmse: 1.42618371888
sk acc: 0.4915
sk f1: 0.0
sk prec: 0.0
sk recl: 0.0
label: 1
ml auc: 0.5
sk auc: 0.5
label: -1
ml auc: 0.5
sk auc: 0.5
Saving result "runs/gisette/0/pr/penalty(elasticnet)-alpha(1.584893e+02).pickle"...

No cached result "runs/gisette/0/pr/penalty(elasticnet)-alpha(1.000000e+05).pickle", building and running classifier...
run: penalty(elasticnet)-alpha(1.000000e+05)
parameters: {'penalty': 'elasticnet', 'alpha': 100000.0}
ml ce: 0.5085
ml rmse: 1.42618371888
sk acc: 0.4915
sk f1: 0.0
sk prec: 0.0
sk recl: 0.0
label: 1
ml auc: 0.5
sk auc: 0.5
label: -1
ml auc: 0.5
sk auc: 0.5
Saving result "runs/gisette/0/pr/penalty(elasticnet)-alpha(1.000000e+05).pickle"...
Clearing trial data from memory...
