Data set: iris
Algorithm: pr
Loading iris data set...
Creating perceptron hyper classifier...
Running trial 0...
Creating trial data...
Applying classifier to trial...

No cached result "runs/iris/0/pr/penalty(none)-alpha(1.000000e-09).pickle", building and running classifier...
run: penalty(none)-alpha(1.000000e-09)
parameters: {'penalty': None, 'alpha': 1.0000000000000001e-09}
ml ce: 0.34
ml rmse: 0.583095189485
sk acc: 0.66
sk f1: 0.548979591837
sk prec: 0.495151515152
sk recl: 0.66
label: 0
ml auc: 1.0
sk auc: 1.0
label: 1
ml auc: 0.5
sk auc: 0.5
label: 2
ml auc: 0.75
sk auc: 0.75
Saving result "runs/iris/0/pr/penalty(none)-alpha(1.000000e-09).pickle"...

No cached result "runs/iris/0/pr/penalty(none)-alpha(6.309573e-07).pickle", building and running classifier...
run: penalty(none)-alpha(6.309573e-07)
parameters: {'penalty': None, 'alpha': 6.3095734448019296e-07}
ml ce: 0.34
ml rmse: 0.583095189485
sk acc: 0.66
sk f1: 0.548979591837
sk prec: 0.495151515152
sk recl: 0.66
label: 0
ml auc: 1.0
sk auc: 1.0
label: 1
ml auc: 0.5
sk auc: 0.5
label: 2
ml auc: 0.75
sk auc: 0.75
Saving result "runs/iris/0/pr/penalty(none)-alpha(6.309573e-07).pickle"...

No cached result "runs/iris/0/pr/penalty(none)-alpha(3.981072e-04).pickle", building and running classifier...
run: penalty(none)-alpha(3.981072e-04)
parameters: {'penalty': None, 'alpha': 0.00039810717055349692}
ml ce: 0.34
ml rmse: 0.583095189485
sk acc: 0.66
sk f1: 0.548979591837
sk prec: 0.495151515152
sk recl: 0.66
label: 0
ml auc: 1.0
sk auc: 1.0
label: 1
ml auc: 0.5
sk auc: 0.5
label: 2
ml auc: 0.75
sk auc: 0.75
Saving result "runs/iris/0/pr/penalty(none)-alpha(3.981072e-04).pickle"...

No cached result "runs/iris/0/pr/penalty(none)-alpha(2.511886e-01).pickle", building and running classifier...
run: penalty(none)-alpha(2.511886e-01)
parameters: {'penalty': None, 'alpha': 0.25118864315095718}
ml ce: 0.34
ml rmse: 0.583095189485
sk acc: 0.66
sk f1: 0.548979591837
sk prec: 0.495151515152
sk recl: 0.66
label: 0
ml auc: 1.0
sk auc: 1.0
label: 1
ml auc: 0.5
sk auc: 0.5
label: 2
ml auc: 0.75
sk auc: 0.75
Saving result "runs/iris/0/pr/penalty(none)-alpha(2.511886e-01).pickle"...

No cached result "runs/iris/0/pr/penalty(none)-alpha(1.584893e+02).pickle", building and running classifier...
run: penalty(none)-alpha(1.584893e+02)
parameters: {'penalty': None, 'alpha': 158.48931924611108}
ml ce: 0.34
ml rmse: 0.583095189485
sk acc: 0.66
sk f1: 0.548979591837
sk prec: 0.495151515152
sk recl: 0.66
label: 0
ml auc: 1.0
sk auc: 1.0
label: 1
ml auc: 0.5
sk auc: 0.5
label: 2
ml auc: 0.75
sk auc: 0.75
Saving result "runs/iris/0/pr/penalty(none)-alpha(1.584893e+02).pickle"...

No cached result "runs/iris/0/pr/penalty(none)-alpha(1.000000e+05).pickle", building and running classifier...
run: penalty(none)-alpha(1.000000e+05)
parameters: {'penalty': None, 'alpha': 100000.0}
ml ce: 0.34
ml rmse: 0.583095189485
sk acc: 0.66
sk f1: 0.548979591837
sk prec: 0.495151515152
sk recl: 0.66
label: 0
ml auc: 1.0
sk auc: 1.0
label: 1
ml auc: 0.5
sk auc: 0.5
label: 2
ml auc: 0.75
sk auc: 0.75
Saving result "runs/iris/0/pr/penalty(none)-alpha(1.000000e+05).pickle"...

No cached result "runs/iris/0/pr/penalty(l1)-alpha(1.000000e-09).pickle", building and running classifier...
run: penalty(l1)-alpha(1.000000e-09)
parameters: {'penalty': 'l1', 'alpha': 1.0000000000000001e-09}
ml ce: 0.34
ml rmse: 0.583095189485
sk acc: 0.66
sk f1: 0.548979591837
sk prec: 0.495151515152
sk recl: 0.66
label: 0
ml auc: 1.0
sk auc: 1.0
label: 1
ml auc: 0.5
sk auc: 0.5
label: 2
ml auc: 0.75
sk auc: 0.75
Saving result "runs/iris/0/pr/penalty(l1)-alpha(1.000000e-09).pickle"...

No cached result "runs/iris/0/pr/penalty(l1)-alpha(6.309573e-07).pickle", building and running classifier...
run: penalty(l1)-alpha(6.309573e-07)
parameters: {'penalty': 'l1', 'alpha': 6.3095734448019296e-07}
ml ce: 0.34
ml rmse: 0.583095189485
sk acc: 0.66
sk f1: 0.548979591837
sk prec: 0.495151515152
sk recl: 0.66
label: 0
ml auc: 1.0
sk auc: 1.0
label: 1
ml auc: 0.5
sk auc: 0.5
label: 2
ml auc: 0.75
sk auc: 0.75
Saving result "runs/iris/0/pr/penalty(l1)-alpha(6.309573e-07).pickle"...

No cached result "runs/iris/0/pr/penalty(l1)-alpha(3.981072e-04).pickle", building and running classifier...
run: penalty(l1)-alpha(3.981072e-04)
parameters: {'penalty': 'l1', 'alpha': 0.00039810717055349692}
ml ce: 0.34
ml rmse: 0.583095189485
sk acc: 0.66
sk f1: 0.548979591837
sk prec: 0.495151515152
sk recl: 0.66
label: 0
ml auc: 1.0
sk auc: 1.0
label: 1
ml auc: 0.5
sk auc: 0.5
label: 2
ml auc: 0.75
sk auc: 0.75
Saving result "runs/iris/0/pr/penalty(l1)-alpha(3.981072e-04).pickle"...

No cached result "runs/iris/0/pr/penalty(l1)-alpha(2.511886e-01).pickle", building and running classifier...
run: penalty(l1)-alpha(2.511886e-01)
parameters: {'penalty': 'l1', 'alpha': 0.25118864315095718}
ml ce: 0.68
ml rmse: 1.30384048104
sk acc: 0.32
sk f1: 0.155151515152
sk prec: 0.1024
sk recl: 0.32
label: 0
ml auc: 0.5
sk auc: 0.5
label: 1
ml auc: 0.5
sk auc: 0.5
label: 2
ml auc: 0.5
sk auc: 0.5
Saving result "runs/iris/0/pr/penalty(l1)-alpha(2.511886e-01).pickle"...

No cached result "runs/iris/0/pr/penalty(l1)-alpha(1.584893e+02).pickle", building and running classifier...
run: penalty(l1)-alpha(1.584893e+02)
parameters: {'penalty': 'l1', 'alpha': 158.48931924611108}
ml ce: 0.68
ml rmse: 1.30384048104
sk acc: 0.32
sk f1: 0.155151515152
sk prec: 0.1024
sk recl: 0.32
label: 0
ml auc: 0.5
sk auc: 0.5
label: 1
ml auc: 0.5
sk auc: 0.5
label: 2
ml auc: 0.5
sk auc: 0.5
Saving result "runs/iris/0/pr/penalty(l1)-alpha(1.584893e+02).pickle"...

No cached result "runs/iris/0/pr/penalty(l1)-alpha(1.000000e+05).pickle", building and running classifier...
run: penalty(l1)-alpha(1.000000e+05)
parameters: {'penalty': 'l1', 'alpha': 100000.0}
ml ce: 0.68
ml rmse: 1.30384048104
sk acc: 0.32
sk f1: 0.155151515152
sk prec: 0.1024
sk recl: 0.32
label: 0
ml auc: 0.5
sk auc: 0.5
label: 1
ml auc: 0.5
sk auc: 0.5
label: 2
ml auc: 0.5
sk auc: 0.5
Saving result "runs/iris/0/pr/penalty(l1)-alpha(1.000000e+05).pickle"...

No cached result "runs/iris/0/pr/penalty(l2)-alpha(1.000000e-09).pickle", building and running classifier...
run: penalty(l2)-alpha(1.000000e-09)
parameters: {'penalty': 'l2', 'alpha': 1.0000000000000001e-09}
ml ce: 0.34
ml rmse: 0.583095189485
sk acc: 0.66
sk f1: 0.548979591837
sk prec: 0.495151515152
sk recl: 0.66
label: 0
ml auc: 1.0
sk auc: 1.0
label: 1
ml auc: 0.5
sk auc: 0.5
label: 2
ml auc: 0.75
sk auc: 0.75
Saving result "runs/iris/0/pr/penalty(l2)-alpha(1.000000e-09).pickle"...

No cached result "runs/iris/0/pr/penalty(l2)-alpha(6.309573e-07).pickle", building and running classifier...
run: penalty(l2)-alpha(6.309573e-07)
parameters: {'penalty': 'l2', 'alpha': 6.3095734448019296e-07}
ml ce: 0.34
ml rmse: 0.583095189485
sk acc: 0.66
sk f1: 0.548979591837
sk prec: 0.495151515152
sk recl: 0.66
label: 0
ml auc: 1.0
sk auc: 1.0
label: 1
ml auc: 0.5
sk auc: 0.5
label: 2
ml auc: 0.75
sk auc: 0.75
Saving result "runs/iris/0/pr/penalty(l2)-alpha(6.309573e-07).pickle"...

No cached result "runs/iris/0/pr/penalty(l2)-alpha(3.981072e-04).pickle", building and running classifier...
run: penalty(l2)-alpha(3.981072e-04)
parameters: {'penalty': 'l2', 'alpha': 0.00039810717055349692}
ml ce: 0.34
ml rmse: 0.583095189485
sk acc: 0.66
sk f1: 0.548979591837
sk prec: 0.495151515152
sk recl: 0.66
label: 0
ml auc: 1.0
sk auc: 1.0
label: 1
ml auc: 0.5
sk auc: 0.5
label: 2
ml auc: 0.75
sk auc: 0.75
Saving result "runs/iris/0/pr/penalty(l2)-alpha(3.981072e-04).pickle"...

No cached result "runs/iris/0/pr/penalty(l2)-alpha(2.511886e-01).pickle", building and running classifier...
run: penalty(l2)-alpha(2.511886e-01)
parameters: {'penalty': 'l2', 'alpha': 0.25118864315095718}
ml ce: 0.68
ml rmse: 1.30384048104
sk acc: 0.32
sk f1: 0.155151515152
sk prec: 0.1024
sk recl: 0.32
label: 0
ml auc: 0.5
sk auc: 0.5
label: 1
ml auc: 0.5
sk auc: 0.5
label: 2
ml auc: 0.5
sk auc: 0.5
Saving result "runs/iris/0/pr/penalty(l2)-alpha(2.511886e-01).pickle"...

No cached result "runs/iris/0/pr/penalty(l2)-alpha(1.584893e+02).pickle", building and running classifier...
floating-point under-/overflow occured.
run: penalty(l2)-alpha(1.584893e+02)
parameters: {'penalty': 'l2', 'alpha': 158.48931924611108}
Saving result "runs/iris/0/pr/penalty(l2)-alpha(1.584893e+02).pickle"...

No cached result "runs/iris/0/pr/penalty(l2)-alpha(1.000000e+05).pickle", building and running classifier...
floating-point under-/overflow occured.
run: penalty(l2)-alpha(1.000000e+05)
parameters: {'penalty': 'l2', 'alpha': 100000.0}
Saving result "runs/iris/0/pr/penalty(l2)-alpha(1.000000e+05).pickle"...

No cached result "runs/iris/0/pr/penalty(elasticnet)-alpha(1.000000e-09).pickle", building and running classifier...
run: penalty(elasticnet)-alpha(1.000000e-09)
parameters: {'penalty': 'elasticnet', 'alpha': 1.0000000000000001e-09}
ml ce: 0.34
ml rmse: 0.583095189485
sk acc: 0.66
sk f1: 0.548979591837
sk prec: 0.495151515152
sk recl: 0.66
label: 0
ml auc: 1.0
sk auc: 1.0
label: 1
ml auc: 0.5
sk auc: 0.5
label: 2
ml auc: 0.75
sk auc: 0.75
Saving result "runs/iris/0/pr/penalty(elasticnet)-alpha(1.000000e-09).pickle"...

No cached result "runs/iris/0/pr/penalty(elasticnet)-alpha(6.309573e-07).pickle", building and running classifier...
run: penalty(elasticnet)-alpha(6.309573e-07)
parameters: {'penalty': 'elasticnet', 'alpha': 6.3095734448019296e-07}
ml ce: 0.34
ml rmse: 0.583095189485
sk acc: 0.66
sk f1: 0.548979591837
sk prec: 0.495151515152
sk recl: 0.66
label: 0
ml auc: 1.0
sk auc: 1.0
label: 1
ml auc: 0.5
sk auc: 0.5
label: 2
ml auc: 0.75
sk auc: 0.75
Saving result "runs/iris/0/pr/penalty(elasticnet)-alpha(6.309573e-07).pickle"...

No cached result "runs/iris/0/pr/penalty(elasticnet)-alpha(3.981072e-04).pickle", building and running classifier...
run: penalty(elasticnet)-alpha(3.981072e-04)
parameters: {'penalty': 'elasticnet', 'alpha': 0.00039810717055349692}
ml ce: 0.34
ml rmse: 0.583095189485
sk acc: 0.66
sk f1: 0.548979591837
sk prec: 0.495151515152
sk recl: 0.66
label: 0
ml auc: 1.0
sk auc: 1.0
label: 1
ml auc: 0.5
sk auc: 0.5
label: 2
ml auc: 0.75
sk auc: 0.75
Saving result "runs/iris/0/pr/penalty(elasticnet)-alpha(3.981072e-04).pickle"...

No cached result "runs/iris/0/pr/penalty(elasticnet)-alpha(2.511886e-01).pickle", building and running classifier...
run: penalty(elasticnet)-alpha(2.511886e-01)
parameters: {'penalty': 'elasticnet', 'alpha': 0.25118864315095718}
ml ce: 0.68
ml rmse: 1.30384048104
sk acc: 0.32
sk f1: 0.155151515152
sk prec: 0.1024
sk recl: 0.32
label: 0
ml auc: 0.5
sk auc: 0.5
label: 1
ml auc: 0.5
sk auc: 0.5
label: 2
ml auc: 0.5
sk auc: 0.5
Saving result "runs/iris/0/pr/penalty(elasticnet)-alpha(2.511886e-01).pickle"...

No cached result "runs/iris/0/pr/penalty(elasticnet)-alpha(1.584893e+02).pickle", building and running classifier...
run: penalty(elasticnet)-alpha(1.584893e+02)
parameters: {'penalty': 'elasticnet', 'alpha': 158.48931924611108}
ml ce: 0.68
ml rmse: 1.30384048104
sk acc: 0.32
sk f1: 0.155151515152
sk prec: 0.1024
sk recl: 0.32
label: 0
ml auc: 0.5
sk auc: 0.5
label: 1
ml auc: 0.5
sk auc: 0.5
label: 2
ml auc: 0.5
sk auc: 0.5
Saving result "runs/iris/0/pr/penalty(elasticnet)-alpha(1.584893e+02).pickle"...

No cached result "runs/iris/0/pr/penalty(elasticnet)-alpha(1.000000e+05).pickle", building and running classifier...
run: penalty(elasticnet)-alpha(1.000000e+05)
parameters: {'penalty': 'elasticnet', 'alpha': 100000.0}
ml ce: 0.68
ml rmse: 1.30384048104
sk acc: 0.32
sk f1: 0.155151515152
sk prec: 0.1024
sk recl: 0.32
label: 0
ml auc: 0.5
sk auc: 0.5
label: 1
ml auc: 0.5
sk auc: 0.5
label: 2
ml auc: 0.5
sk auc: 0.5
Saving result "runs/iris/0/pr/penalty(elasticnet)-alpha(1.000000e+05).pickle"...
Clearing trial data from memory...
Running trial 1...
Creating trial data...
Applying classifier to trial...

No cached result "runs/iris/1/pr/penalty(none)-alpha(1.000000e-09).pickle", building and running classifier...
run: penalty(none)-alpha(1.000000e-09)
parameters: {'penalty': None, 'alpha': 1.0000000000000001e-09}
ml ce: 0.32
ml rmse: 0.565685424949
sk acc: 0.68
sk f1: 0.5712
sk prec: 0.515151515152
sk recl: 0.68
label: 0
ml auc: 1.0
sk auc: 1.0
label: 1
ml auc: 0.5
sk auc: 0.5
label: 2
ml auc: 0.757575757576
sk auc: 0.757575757576
Saving result "runs/iris/1/pr/penalty(none)-alpha(1.000000e-09).pickle"...

No cached result "runs/iris/1/pr/penalty(none)-alpha(6.309573e-07).pickle", building and running classifier...
run: penalty(none)-alpha(6.309573e-07)
parameters: {'penalty': None, 'alpha': 6.3095734448019296e-07}
ml ce: 0.32
ml rmse: 0.565685424949
sk acc: 0.68
sk f1: 0.5712
sk prec: 0.515151515152
sk recl: 0.68
label: 0
ml auc: 1.0
sk auc: 1.0
label: 1
ml auc: 0.5
sk auc: 0.5
label: 2
ml auc: 0.757575757576
sk auc: 0.757575757576
Saving result "runs/iris/1/pr/penalty(none)-alpha(6.309573e-07).pickle"...

No cached result "runs/iris/1/pr/penalty(none)-alpha(3.981072e-04).pickle", building and running classifier...
run: penalty(none)-alpha(3.981072e-04)
parameters: {'penalty': None, 'alpha': 0.00039810717055349692}
ml ce: 0.32
ml rmse: 0.565685424949
sk acc: 0.68
sk f1: 0.5712
sk prec: 0.515151515152
sk recl: 0.68
label: 0
ml auc: 1.0
sk auc: 1.0
label: 1
ml auc: 0.5
sk auc: 0.5
label: 2
ml auc: 0.757575757576
sk auc: 0.757575757576
Saving result "runs/iris/1/pr/penalty(none)-alpha(3.981072e-04).pickle"...

No cached result "runs/iris/1/pr/penalty(none)-alpha(2.511886e-01).pickle", building and running classifier...
run: penalty(none)-alpha(2.511886e-01)
parameters: {'penalty': None, 'alpha': 0.25118864315095718}
ml ce: 0.32
ml rmse: 0.565685424949
sk acc: 0.68
sk f1: 0.5712
sk prec: 0.515151515152
sk recl: 0.68
label: 0
ml auc: 1.0
sk auc: 1.0
label: 1
ml auc: 0.5
sk auc: 0.5
label: 2
ml auc: 0.757575757576
sk auc: 0.757575757576
Saving result "runs/iris/1/pr/penalty(none)-alpha(2.511886e-01).pickle"...

No cached result "runs/iris/1/pr/penalty(none)-alpha(1.584893e+02).pickle", building and running classifier...
run: penalty(none)-alpha(1.584893e+02)
parameters: {'penalty': None, 'alpha': 158.48931924611108}
ml ce: 0.32
ml rmse: 0.565685424949
sk acc: 0.68
sk f1: 0.5712
sk prec: 0.515151515152
sk recl: 0.68
label: 0
ml auc: 1.0
sk auc: 1.0
label: 1
ml auc: 0.5
sk auc: 0.5
label: 2
ml auc: 0.757575757576
sk auc: 0.757575757576
Saving result "runs/iris/1/pr/penalty(none)-alpha(1.584893e+02).pickle"...

No cached result "runs/iris/1/pr/penalty(none)-alpha(1.000000e+05).pickle", building and running classifier...
run: penalty(none)-alpha(1.000000e+05)
parameters: {'penalty': None, 'alpha': 100000.0}
ml ce: 0.32
ml rmse: 0.565685424949
sk acc: 0.68
sk f1: 0.5712
sk prec: 0.515151515152
sk recl: 0.68
label: 0
ml auc: 1.0
sk auc: 1.0
label: 1
ml auc: 0.5
sk auc: 0.5
label: 2
ml auc: 0.757575757576
sk auc: 0.757575757576
Saving result "runs/iris/1/pr/penalty(none)-alpha(1.000000e+05).pickle"...

No cached result "runs/iris/1/pr/penalty(l1)-alpha(1.000000e-09).pickle", building and running classifier...
run: penalty(l1)-alpha(1.000000e-09)
parameters: {'penalty': 'l1', 'alpha': 1.0000000000000001e-09}
ml ce: 0.32
ml rmse: 0.565685424949
sk acc: 0.68
sk f1: 0.5712
sk prec: 0.515151515152
sk recl: 0.68
label: 0
ml auc: 1.0
sk auc: 1.0
label: 1
ml auc: 0.5
sk auc: 0.5
label: 2
ml auc: 0.757575757576
sk auc: 0.757575757576
Saving result "runs/iris/1/pr/penalty(l1)-alpha(1.000000e-09).pickle"...

No cached result "runs/iris/1/pr/penalty(l1)-alpha(6.309573e-07).pickle", building and running classifier...
run: penalty(l1)-alpha(6.309573e-07)
parameters: {'penalty': 'l1', 'alpha': 6.3095734448019296e-07}
ml ce: 0.32
ml rmse: 0.565685424949
sk acc: 0.68
sk f1: 0.5712
sk prec: 0.515151515152
sk recl: 0.68
label: 0
ml auc: 1.0
sk auc: 1.0
label: 1
ml auc: 0.5
sk auc: 0.5
label: 2
ml auc: 0.757575757576
sk auc: 0.757575757576
Saving result "runs/iris/1/pr/penalty(l1)-alpha(6.309573e-07).pickle"...

No cached result "runs/iris/1/pr/penalty(l1)-alpha(3.981072e-04).pickle", building and running classifier...
run: penalty(l1)-alpha(3.981072e-04)
parameters: {'penalty': 'l1', 'alpha': 0.00039810717055349692}
ml ce: 0.32
ml rmse: 0.565685424949
sk acc: 0.68
sk f1: 0.5712
sk prec: 0.515151515152
sk recl: 0.68
label: 0
ml auc: 1.0
sk auc: 1.0
label: 1
ml auc: 0.5
sk auc: 0.5
label: 2
ml auc: 0.757575757576
sk auc: 0.757575757576
Saving result "runs/iris/1/pr/penalty(l1)-alpha(3.981072e-04).pickle"...

No cached result "runs/iris/1/pr/penalty(l1)-alpha(2.511886e-01).pickle", building and running classifier...
run: penalty(l1)-alpha(2.511886e-01)
parameters: {'penalty': 'l1', 'alpha': 0.25118864315095718}
ml ce: 0.66
ml rmse: 1.29614813968
sk acc: 0.34
sk f1: 0.172537313433
sk prec: 0.1156
sk recl: 0.34
label: 0
ml auc: 0.5
sk auc: 0.5
label: 1
ml auc: 0.5
sk auc: 0.5
label: 2
ml auc: 0.5
sk auc: 0.5
Saving result "runs/iris/1/pr/penalty(l1)-alpha(2.511886e-01).pickle"...

No cached result "runs/iris/1/pr/penalty(l1)-alpha(1.584893e+02).pickle", building and running classifier...
run: penalty(l1)-alpha(1.584893e+02)
parameters: {'penalty': 'l1', 'alpha': 158.48931924611108}
ml ce: 0.66
ml rmse: 1.29614813968
sk acc: 0.34
sk f1: 0.172537313433
sk prec: 0.1156
sk recl: 0.34
label: 0
ml auc: 0.5
sk auc: 0.5
label: 1
ml auc: 0.5
sk auc: 0.5
label: 2
ml auc: 0.5
sk auc: 0.5
Saving result "runs/iris/1/pr/penalty(l1)-alpha(1.584893e+02).pickle"...

No cached result "runs/iris/1/pr/penalty(l1)-alpha(1.000000e+05).pickle", building and running classifier...
run: penalty(l1)-alpha(1.000000e+05)
parameters: {'penalty': 'l1', 'alpha': 100000.0}
ml ce: 0.66
ml rmse: 1.29614813968
sk acc: 0.34
sk f1: 0.172537313433
sk prec: 0.1156
sk recl: 0.34
label: 0
ml auc: 0.5
sk auc: 0.5
label: 1
ml auc: 0.5
sk auc: 0.5
label: 2
ml auc: 0.5
sk auc: 0.5
Saving result "runs/iris/1/pr/penalty(l1)-alpha(1.000000e+05).pickle"...

No cached result "runs/iris/1/pr/penalty(l2)-alpha(1.000000e-09).pickle", building and running classifier...
run: penalty(l2)-alpha(1.000000e-09)
parameters: {'penalty': 'l2', 'alpha': 1.0000000000000001e-09}
ml ce: 0.32
ml rmse: 0.565685424949
sk acc: 0.68
sk f1: 0.5712
sk prec: 0.515151515152
sk recl: 0.68
label: 0
ml auc: 1.0
sk auc: 1.0
label: 1
ml auc: 0.5
sk auc: 0.5
label: 2
ml auc: 0.757575757576
sk auc: 0.757575757576
Saving result "runs/iris/1/pr/penalty(l2)-alpha(1.000000e-09).pickle"...

No cached result "runs/iris/1/pr/penalty(l2)-alpha(6.309573e-07).pickle", building and running classifier...
run: penalty(l2)-alpha(6.309573e-07)
parameters: {'penalty': 'l2', 'alpha': 6.3095734448019296e-07}
ml ce: 0.32
ml rmse: 0.565685424949
sk acc: 0.68
sk f1: 0.5712
sk prec: 0.515151515152
sk recl: 0.68
label: 0
ml auc: 1.0
sk auc: 1.0
label: 1
ml auc: 0.5
sk auc: 0.5
label: 2
ml auc: 0.757575757576
sk auc: 0.757575757576
Saving result "runs/iris/1/pr/penalty(l2)-alpha(6.309573e-07).pickle"...

No cached result "runs/iris/1/pr/penalty(l2)-alpha(3.981072e-04).pickle", building and running classifier...
run: penalty(l2)-alpha(3.981072e-04)
parameters: {'penalty': 'l2', 'alpha': 0.00039810717055349692}
ml ce: 0.32
ml rmse: 0.565685424949
sk acc: 0.68
sk f1: 0.5712
sk prec: 0.515151515152
sk recl: 0.68
label: 0
ml auc: 1.0
sk auc: 1.0
label: 1
ml auc: 0.5
sk auc: 0.5
label: 2
ml auc: 0.757575757576
sk auc: 0.757575757576
Saving result "runs/iris/1/pr/penalty(l2)-alpha(3.981072e-04).pickle"...

No cached result "runs/iris/1/pr/penalty(l2)-alpha(2.511886e-01).pickle", building and running classifier...
run: penalty(l2)-alpha(2.511886e-01)
parameters: {'penalty': 'l2', 'alpha': 0.25118864315095718}
ml ce: 0.66
ml rmse: 1.29614813968
sk acc: 0.34
sk f1: 0.172537313433
sk prec: 0.1156
sk recl: 0.34
label: 0
ml auc: 0.5
sk auc: 0.5
label: 1
ml auc: 0.5
sk auc: 0.5
label: 2
ml auc: 0.5
sk auc: 0.5
Saving result "runs/iris/1/pr/penalty(l2)-alpha(2.511886e-01).pickle"...

No cached result "runs/iris/1/pr/penalty(l2)-alpha(1.584893e+02).pickle", building and running classifier...
floating-point under-/overflow occured.
run: penalty(l2)-alpha(1.584893e+02)
parameters: {'penalty': 'l2', 'alpha': 158.48931924611108}
Saving result "runs/iris/1/pr/penalty(l2)-alpha(1.584893e+02).pickle"...

No cached result "runs/iris/1/pr/penalty(l2)-alpha(1.000000e+05).pickle", building and running classifier...
floating-point under-/overflow occured.
run: penalty(l2)-alpha(1.000000e+05)
parameters: {'penalty': 'l2', 'alpha': 100000.0}
Saving result "runs/iris/1/pr/penalty(l2)-alpha(1.000000e+05).pickle"...

No cached result "runs/iris/1/pr/penalty(elasticnet)-alpha(1.000000e-09).pickle", building and running classifier...
run: penalty(elasticnet)-alpha(1.000000e-09)
parameters: {'penalty': 'elasticnet', 'alpha': 1.0000000000000001e-09}
ml ce: 0.32
ml rmse: 0.565685424949
sk acc: 0.68
sk f1: 0.5712
sk prec: 0.515151515152
sk recl: 0.68
label: 0
ml auc: 1.0
sk auc: 1.0
label: 1
ml auc: 0.5
sk auc: 0.5
label: 2
ml auc: 0.757575757576
sk auc: 0.757575757576
Saving result "runs/iris/1/pr/penalty(elasticnet)-alpha(1.000000e-09).pickle"...

No cached result "runs/iris/1/pr/penalty(elasticnet)-alpha(6.309573e-07).pickle", building and running classifier...
run: penalty(elasticnet)-alpha(6.309573e-07)
parameters: {'penalty': 'elasticnet', 'alpha': 6.3095734448019296e-07}
ml ce: 0.32
ml rmse: 0.565685424949
sk acc: 0.68
sk f1: 0.5712
sk prec: 0.515151515152
sk recl: 0.68
label: 0
ml auc: 1.0
sk auc: 1.0
label: 1
ml auc: 0.5
sk auc: 0.5
label: 2
ml auc: 0.757575757576
sk auc: 0.757575757576
Saving result "runs/iris/1/pr/penalty(elasticnet)-alpha(6.309573e-07).pickle"...

No cached result "runs/iris/1/pr/penalty(elasticnet)-alpha(3.981072e-04).pickle", building and running classifier...
run: penalty(elasticnet)-alpha(3.981072e-04)
parameters: {'penalty': 'elasticnet', 'alpha': 0.00039810717055349692}
ml ce: 0.32
ml rmse: 0.565685424949
sk acc: 0.68
sk f1: 0.5712
sk prec: 0.515151515152
sk recl: 0.68
label: 0
ml auc: 1.0
sk auc: 1.0
label: 1
ml auc: 0.5
sk auc: 0.5
label: 2
ml auc: 0.757575757576
sk auc: 0.757575757576
Saving result "runs/iris/1/pr/penalty(elasticnet)-alpha(3.981072e-04).pickle"...

No cached result "runs/iris/1/pr/penalty(elasticnet)-alpha(2.511886e-01).pickle", building and running classifier...
run: penalty(elasticnet)-alpha(2.511886e-01)
parameters: {'penalty': 'elasticnet', 'alpha': 0.25118864315095718}
ml ce: 0.66
ml rmse: 1.29614813968
sk acc: 0.34
sk f1: 0.172537313433
sk prec: 0.1156
sk recl: 0.34
label: 0
ml auc: 0.5
sk auc: 0.5
label: 1
ml auc: 0.5
sk auc: 0.5
label: 2
ml auc: 0.5
sk auc: 0.5
Saving result "runs/iris/1/pr/penalty(elasticnet)-alpha(2.511886e-01).pickle"...

No cached result "runs/iris/1/pr/penalty(elasticnet)-alpha(1.584893e+02).pickle", building and running classifier...
run: penalty(elasticnet)-alpha(1.584893e+02)
parameters: {'penalty': 'elasticnet', 'alpha': 158.48931924611108}
ml ce: 0.66
ml rmse: 1.29614813968
sk acc: 0.34
sk f1: 0.172537313433
sk prec: 0.1156
sk recl: 0.34
label: 0
ml auc: 0.5
sk auc: 0.5
label: 1
ml auc: 0.5
sk auc: 0.5
label: 2
ml auc: 0.5
sk auc: 0.5
Saving result "runs/iris/1/pr/penalty(elasticnet)-alpha(1.584893e+02).pickle"...

No cached result "runs/iris/1/pr/penalty(elasticnet)-alpha(1.000000e+05).pickle", building and running classifier...
run: penalty(elasticnet)-alpha(1.000000e+05)
parameters: {'penalty': 'elasticnet', 'alpha': 100000.0}
ml ce: 0.66
ml rmse: 1.29614813968
sk acc: 0.34
sk f1: 0.172537313433
sk prec: 0.1156
sk recl: 0.34
label: 0
ml auc: 0.5
sk auc: 0.5
label: 1
ml auc: 0.5
sk auc: 0.5
label: 2
ml auc: 0.5
sk auc: 0.5
Saving result "runs/iris/1/pr/penalty(elasticnet)-alpha(1.000000e+05).pickle"...
Clearing trial data from memory...
Running trial 2...
Creating trial data...
Applying classifier to trial...

No cached result "runs/iris/2/pr/penalty(none)-alpha(1.000000e-09).pickle", building and running classifier...
run: penalty(none)-alpha(1.000000e-09)
parameters: {'penalty': None, 'alpha': 1.0000000000000001e-09}
ml ce: 0.34
ml rmse: 0.583095189485
sk acc: 0.66
sk f1: 0.546666666667
sk prec: 0.49
sk recl: 0.66
label: 0
ml auc: 1.0
sk auc: 1.0
label: 1
ml auc: 0.5
sk auc: 0.5
label: 2
ml auc: 0.742424242424
sk auc: 0.742424242424
Saving result "runs/iris/2/pr/penalty(none)-alpha(1.000000e-09).pickle"...

No cached result "runs/iris/2/pr/penalty(none)-alpha(6.309573e-07).pickle", building and running classifier...
run: penalty(none)-alpha(6.309573e-07)
parameters: {'penalty': None, 'alpha': 6.3095734448019296e-07}
ml ce: 0.34
ml rmse: 0.583095189485
sk acc: 0.66
sk f1: 0.546666666667
sk prec: 0.49
sk recl: 0.66
label: 0
ml auc: 1.0
sk auc: 1.0
label: 1
ml auc: 0.5
sk auc: 0.5
label: 2
ml auc: 0.742424242424
sk auc: 0.742424242424
Saving result "runs/iris/2/pr/penalty(none)-alpha(6.309573e-07).pickle"...

No cached result "runs/iris/2/pr/penalty(none)-alpha(3.981072e-04).pickle", building and running classifier...
run: penalty(none)-alpha(3.981072e-04)
parameters: {'penalty': None, 'alpha': 0.00039810717055349692}
ml ce: 0.34
ml rmse: 0.583095189485
sk acc: 0.66
sk f1: 0.546666666667
sk prec: 0.49
sk recl: 0.66
label: 0
ml auc: 1.0
sk auc: 1.0
label: 1
ml auc: 0.5
sk auc: 0.5
label: 2
ml auc: 0.742424242424
sk auc: 0.742424242424
Saving result "runs/iris/2/pr/penalty(none)-alpha(3.981072e-04).pickle"...

No cached result "runs/iris/2/pr/penalty(none)-alpha(2.511886e-01).pickle", building and running classifier...
run: penalty(none)-alpha(2.511886e-01)
parameters: {'penalty': None, 'alpha': 0.25118864315095718}
ml ce: 0.34
ml rmse: 0.583095189485
sk acc: 0.66
sk f1: 0.546666666667
sk prec: 0.49
sk recl: 0.66
label: 0
ml auc: 1.0
sk auc: 1.0
label: 1
ml auc: 0.5
sk auc: 0.5
label: 2
ml auc: 0.742424242424
sk auc: 0.742424242424
Saving result "runs/iris/2/pr/penalty(none)-alpha(2.511886e-01).pickle"...

No cached result "runs/iris/2/pr/penalty(none)-alpha(1.584893e+02).pickle", building and running classifier...
run: penalty(none)-alpha(1.584893e+02)
parameters: {'penalty': None, 'alpha': 158.48931924611108}
ml ce: 0.34
ml rmse: 0.583095189485
sk acc: 0.66
sk f1: 0.546666666667
sk prec: 0.49
sk recl: 0.66
label: 0
ml auc: 1.0
sk auc: 1.0
label: 1
ml auc: 0.5
sk auc: 0.5
label: 2
ml auc: 0.742424242424
sk auc: 0.742424242424
Saving result "runs/iris/2/pr/penalty(none)-alpha(1.584893e+02).pickle"...

No cached result "runs/iris/2/pr/penalty(none)-alpha(1.000000e+05).pickle", building and running classifier...
run: penalty(none)-alpha(1.000000e+05)
parameters: {'penalty': None, 'alpha': 100000.0}
ml ce: 0.34
ml rmse: 0.583095189485
sk acc: 0.66
sk f1: 0.546666666667
sk prec: 0.49
sk recl: 0.66
label: 0
ml auc: 1.0
sk auc: 1.0
label: 1
ml auc: 0.5
sk auc: 0.5
label: 2
ml auc: 0.742424242424
sk auc: 0.742424242424
Saving result "runs/iris/2/pr/penalty(none)-alpha(1.000000e+05).pickle"...

No cached result "runs/iris/2/pr/penalty(l1)-alpha(1.000000e-09).pickle", building and running classifier...
run: penalty(l1)-alpha(1.000000e-09)
parameters: {'penalty': 'l1', 'alpha': 1.0000000000000001e-09}
ml ce: 0.34
ml rmse: 0.583095189485
sk acc: 0.66
sk f1: 0.546666666667
sk prec: 0.49
sk recl: 0.66
label: 0
ml auc: 1.0
sk auc: 1.0
label: 1
ml auc: 0.5
sk auc: 0.5
label: 2
ml auc: 0.742424242424
sk auc: 0.742424242424
Saving result "runs/iris/2/pr/penalty(l1)-alpha(1.000000e-09).pickle"...

No cached result "runs/iris/2/pr/penalty(l1)-alpha(6.309573e-07).pickle", building and running classifier...
run: penalty(l1)-alpha(6.309573e-07)
parameters: {'penalty': 'l1', 'alpha': 6.3095734448019296e-07}
ml ce: 0.34
ml rmse: 0.583095189485
sk acc: 0.66
sk f1: 0.546666666667
sk prec: 0.49
sk recl: 0.66
label: 0
ml auc: 1.0
sk auc: 1.0
label: 1
ml auc: 0.5
sk auc: 0.5
label: 2
ml auc: 0.742424242424
sk auc: 0.742424242424
Saving result "runs/iris/2/pr/penalty(l1)-alpha(6.309573e-07).pickle"...

No cached result "runs/iris/2/pr/penalty(l1)-alpha(3.981072e-04).pickle", building and running classifier...
run: penalty(l1)-alpha(3.981072e-04)
parameters: {'penalty': 'l1', 'alpha': 0.00039810717055349692}
ml ce: 0.34
ml rmse: 0.583095189485
sk acc: 0.66
sk f1: 0.546666666667
sk prec: 0.49
sk recl: 0.66
label: 0
ml auc: 1.0
sk auc: 1.0
label: 1
ml auc: 0.5
sk auc: 0.5
label: 2
ml auc: 0.742424242424
sk auc: 0.742424242424
Saving result "runs/iris/2/pr/penalty(l1)-alpha(3.981072e-04).pickle"...

No cached result "runs/iris/2/pr/penalty(l1)-alpha(2.511886e-01).pickle", building and running classifier...
run: penalty(l1)-alpha(2.511886e-01)
parameters: {'penalty': 'l1', 'alpha': 0.25118864315095718}
ml ce: 0.66
ml rmse: 1.27279220614
sk acc: 0.34
sk f1: 0.172537313433
sk prec: 0.1156
sk recl: 0.34
label: 0
ml auc: 0.5
sk auc: 0.5
label: 1
ml auc: 0.5
sk auc: 0.5
label: 2
ml auc: 0.5
sk auc: 0.5
Saving result "runs/iris/2/pr/penalty(l1)-alpha(2.511886e-01).pickle"...

No cached result "runs/iris/2/pr/penalty(l1)-alpha(1.584893e+02).pickle", building and running classifier...
run: penalty(l1)-alpha(1.584893e+02)
parameters: {'penalty': 'l1', 'alpha': 158.48931924611108}
ml ce: 0.66
ml rmse: 1.27279220614
sk acc: 0.34
sk f1: 0.172537313433
sk prec: 0.1156
sk recl: 0.34
label: 0
ml auc: 0.5
sk auc: 0.5
label: 1
ml auc: 0.5
sk auc: 0.5
label: 2
ml auc: 0.5
sk auc: 0.5
Saving result "runs/iris/2/pr/penalty(l1)-alpha(1.584893e+02).pickle"...

No cached result "runs/iris/2/pr/penalty(l1)-alpha(1.000000e+05).pickle", building and running classifier...
run: penalty(l1)-alpha(1.000000e+05)
parameters: {'penalty': 'l1', 'alpha': 100000.0}
ml ce: 0.66
ml rmse: 1.27279220614
sk acc: 0.34
sk f1: 0.172537313433
sk prec: 0.1156
sk recl: 0.34
label: 0
ml auc: 0.5
sk auc: 0.5
label: 1
ml auc: 0.5
sk auc: 0.5
label: 2
ml auc: 0.5
sk auc: 0.5
Saving result "runs/iris/2/pr/penalty(l1)-alpha(1.000000e+05).pickle"...

No cached result "runs/iris/2/pr/penalty(l2)-alpha(1.000000e-09).pickle", building and running classifier...
run: penalty(l2)-alpha(1.000000e-09)
parameters: {'penalty': 'l2', 'alpha': 1.0000000000000001e-09}
ml ce: 0.34
ml rmse: 0.583095189485
sk acc: 0.66
sk f1: 0.546666666667
sk prec: 0.49
sk recl: 0.66
label: 0
ml auc: 1.0
sk auc: 1.0
label: 1
ml auc: 0.5
sk auc: 0.5
label: 2
ml auc: 0.742424242424
sk auc: 0.742424242424
Saving result "runs/iris/2/pr/penalty(l2)-alpha(1.000000e-09).pickle"...

No cached result "runs/iris/2/pr/penalty(l2)-alpha(6.309573e-07).pickle", building and running classifier...
run: penalty(l2)-alpha(6.309573e-07)
parameters: {'penalty': 'l2', 'alpha': 6.3095734448019296e-07}
ml ce: 0.34
ml rmse: 0.583095189485
sk acc: 0.66
sk f1: 0.546666666667
sk prec: 0.49
sk recl: 0.66
label: 0
ml auc: 1.0
sk auc: 1.0
label: 1
ml auc: 0.5
sk auc: 0.5
label: 2
ml auc: 0.742424242424
sk auc: 0.742424242424
Saving result "runs/iris/2/pr/penalty(l2)-alpha(6.309573e-07).pickle"...

No cached result "runs/iris/2/pr/penalty(l2)-alpha(3.981072e-04).pickle", building and running classifier...
run: penalty(l2)-alpha(3.981072e-04)
parameters: {'penalty': 'l2', 'alpha': 0.00039810717055349692}
ml ce: 0.34
ml rmse: 0.583095189485
sk acc: 0.66
sk f1: 0.546666666667
sk prec: 0.49
sk recl: 0.66
label: 0
ml auc: 1.0
sk auc: 1.0
label: 1
ml auc: 0.5
sk auc: 0.5
label: 2
ml auc: 0.742424242424
sk auc: 0.742424242424
Saving result "runs/iris/2/pr/penalty(l2)-alpha(3.981072e-04).pickle"...

No cached result "runs/iris/2/pr/penalty(l2)-alpha(2.511886e-01).pickle", building and running classifier...
run: penalty(l2)-alpha(2.511886e-01)
parameters: {'penalty': 'l2', 'alpha': 0.25118864315095718}
ml ce: 0.66
ml rmse: 1.27279220614
sk acc: 0.34
sk f1: 0.172537313433
sk prec: 0.1156
sk recl: 0.34
label: 0
ml auc: 0.5
sk auc: 0.5
label: 1
ml auc: 0.5
sk auc: 0.5
label: 2
ml auc: 0.5
sk auc: 0.5
Saving result "runs/iris/2/pr/penalty(l2)-alpha(2.511886e-01).pickle"...

No cached result "runs/iris/2/pr/penalty(l2)-alpha(1.584893e+02).pickle", building and running classifier...
floating-point under-/overflow occured.
run: penalty(l2)-alpha(1.584893e+02)
parameters: {'penalty': 'l2', 'alpha': 158.48931924611108}
Saving result "runs/iris/2/pr/penalty(l2)-alpha(1.584893e+02).pickle"...

No cached result "runs/iris/2/pr/penalty(l2)-alpha(1.000000e+05).pickle", building and running classifier...
floating-point under-/overflow occured.
run: penalty(l2)-alpha(1.000000e+05)
parameters: {'penalty': 'l2', 'alpha': 100000.0}
Saving result "runs/iris/2/pr/penalty(l2)-alpha(1.000000e+05).pickle"...

No cached result "runs/iris/2/pr/penalty(elasticnet)-alpha(1.000000e-09).pickle", building and running classifier...
run: penalty(elasticnet)-alpha(1.000000e-09)
parameters: {'penalty': 'elasticnet', 'alpha': 1.0000000000000001e-09}
ml ce: 0.34
ml rmse: 0.583095189485
sk acc: 0.66
sk f1: 0.546666666667
sk prec: 0.49
sk recl: 0.66
label: 0
ml auc: 1.0
sk auc: 1.0
label: 1
ml auc: 0.5
sk auc: 0.5
label: 2
ml auc: 0.742424242424
sk auc: 0.742424242424
Saving result "runs/iris/2/pr/penalty(elasticnet)-alpha(1.000000e-09).pickle"...

No cached result "runs/iris/2/pr/penalty(elasticnet)-alpha(6.309573e-07).pickle", building and running classifier...
run: penalty(elasticnet)-alpha(6.309573e-07)
parameters: {'penalty': 'elasticnet', 'alpha': 6.3095734448019296e-07}
ml ce: 0.34
ml rmse: 0.583095189485
sk acc: 0.66
sk f1: 0.546666666667
sk prec: 0.49
sk recl: 0.66
label: 0
ml auc: 1.0
sk auc: 1.0
label: 1
ml auc: 0.5
sk auc: 0.5
label: 2
ml auc: 0.742424242424
sk auc: 0.742424242424
Saving result "runs/iris/2/pr/penalty(elasticnet)-alpha(6.309573e-07).pickle"...

No cached result "runs/iris/2/pr/penalty(elasticnet)-alpha(3.981072e-04).pickle", building and running classifier...
run: penalty(elasticnet)-alpha(3.981072e-04)
parameters: {'penalty': 'elasticnet', 'alpha': 0.00039810717055349692}
ml ce: 0.34
ml rmse: 0.583095189485
sk acc: 0.66
sk f1: 0.546666666667
sk prec: 0.49
sk recl: 0.66
label: 0
ml auc: 1.0
sk auc: 1.0
label: 1
ml auc: 0.5
sk auc: 0.5
label: 2
ml auc: 0.742424242424
sk auc: 0.742424242424
Saving result "runs/iris/2/pr/penalty(elasticnet)-alpha(3.981072e-04).pickle"...

No cached result "runs/iris/2/pr/penalty(elasticnet)-alpha(2.511886e-01).pickle", building and running classifier...
run: penalty(elasticnet)-alpha(2.511886e-01)
parameters: {'penalty': 'elasticnet', 'alpha': 0.25118864315095718}
ml ce: 0.66
ml rmse: 1.27279220614
sk acc: 0.34
sk f1: 0.172537313433
sk prec: 0.1156
sk recl: 0.34
label: 0
ml auc: 0.5
sk auc: 0.5
label: 1
ml auc: 0.5
sk auc: 0.5
label: 2
ml auc: 0.5
sk auc: 0.5
Saving result "runs/iris/2/pr/penalty(elasticnet)-alpha(2.511886e-01).pickle"...

No cached result "runs/iris/2/pr/penalty(elasticnet)-alpha(1.584893e+02).pickle", building and running classifier...
run: penalty(elasticnet)-alpha(1.584893e+02)
parameters: {'penalty': 'elasticnet', 'alpha': 158.48931924611108}
ml ce: 0.66
ml rmse: 1.27279220614
sk acc: 0.34
sk f1: 0.172537313433
sk prec: 0.1156
sk recl: 0.34
label: 0
ml auc: 0.5
sk auc: 0.5
label: 1
ml auc: 0.5
sk auc: 0.5
label: 2
ml auc: 0.5
sk auc: 0.5
Saving result "runs/iris/2/pr/penalty(elasticnet)-alpha(1.584893e+02).pickle"...

No cached result "runs/iris/2/pr/penalty(elasticnet)-alpha(1.000000e+05).pickle", building and running classifier...
run: penalty(elasticnet)-alpha(1.000000e+05)
parameters: {'penalty': 'elasticnet', 'alpha': 100000.0}
ml ce: 0.66
ml rmse: 1.27279220614
sk acc: 0.34
sk f1: 0.172537313433
sk prec: 0.1156
sk recl: 0.34
label: 0
ml auc: 0.5
sk auc: 0.5
label: 1
ml auc: 0.5
sk auc: 0.5
label: 2
ml auc: 0.5
sk auc: 0.5
Saving result "runs/iris/2/pr/penalty(elasticnet)-alpha(1.000000e+05).pickle"...
Clearing trial data from memory...
